0 info it worked if it ends with ok
1 verbose cli [ 'D:\\Program Files\\nodejs\\node.exe',
1 verbose cli   'C:\\Users\\Surya\\AppData\\Roaming\\npm\\node_modules\\npm\\bin\\npm-cli.js',
1 verbose cli   'start' ]
2 info using npm@4.0.5
3 info using node@v6.9.1
4 verbose run-script [ 'prestart', 'start', 'poststart' ]
5 info lifecycle node-examples@1.0.0~prestart: node-examples@1.0.0
6 silly lifecycle node-examples@1.0.0~prestart: no script for prestart, continuing
7 info lifecycle node-examples@1.0.0~start: node-examples@1.0.0
8 verbose lifecycle node-examples@1.0.0~start: unsafe-perm in lifecycle true
9 verbose lifecycle node-examples@1.0.0~start: PATH: C:\Users\Surya\AppData\Roaming\npm\node_modules\npm\bin\node-gyp-bin;D:\Projects\Coursera\NodeJS\node-examples\node_modules\.bin;C:\Program Files\NVIDIA GPU Computing Toolkit\CUDA\v8.0\bin;C:\Program Files\NVIDIA GPU Computing Toolkit\CUDA\v8.0\libnvvp;D:\Programs\Python\Python36\Scripts\;D:\Programs\Python\Python36\;C:\ProgramData\Oracle\Java\javapath;C:\Program Files (x86)\Intel\iCLS Client\;C:\Program Files\Intel\iCLS Client\;C:\Windows\system32;C:\Windows;C:\Windows\System32\Wbem;C:\Windows\System32\WindowsPowerShell\v1.0\;C:\Program Files (x86)\Intel\Intel(R) Management Engine Components\DAL;C:\Program Files\Intel\Intel(R) Management Engine Components\DAL;C:\Program Files (x86)\Intel\Intel(R) Management Engine Components\IPT;C:\Program Files\Intel\Intel(R) Management Engine Components\IPT;C:\Program Files (x86)\NVIDIA Corporation\PhysX\Common;C:\Program Files\Intel\WiFi\bin\;C:\Program Files\Common Files\Intel\WirelessCommon\;D:\Program Files\Brackets\command;D:\Program Files\nodejs\;C:\WINDOWS\system32;C:\WINDOWS;C:\WINDOWS\System32\Wbem;C:\WINDOWS\System32\WindowsPowerShell\v1.0\;C:\ProgramData\chocolatey\bin;C:\tools\go\bin;D:\Program Files\Go\bin;C:\Users\Surya\.dnx\bin;C:\Program Files\Microsoft DNX\Dnvm\;C:\Program Files\Microsoft SQL Server\130\Tools\Binn\;D:\Program Files\Git\cmd;C:\Users\Surya\bin;C:\ProgramData\Oracle\Java\javapath;C:\Program Files (x86)\Intel\iCLS Client\;C:\Program Files\Intel\iCLS Client\;C:\Windows\system32;C:\Windows;C:\Windows\System32\Wbem;C:\Windows\System32\WindowsPowerShell\v1.0\;C:\Program Files (x86)\Intel\Intel(R) Management Engine Components\DAL;C:\Program Files\Intel\Intel(R) Management Engine Components\DAL;C:\Program Files (x86)\Intel\Intel(R) Management Engine Components\IPT;C:\Program Files\Intel\Intel(R) Management Engine Components\IPT;C:\Program Files (x86)\NVIDIA Corporation\PhysX\Common;C:\Program Files\Intel\WiFi\bin\;C:\Program Files\Common Files\Intel\WirelessCommon\;D:\Program Files\Brackets\command;D:\Program Files\nodejs\;C:\WINDOWS\system32;C:\WINDOWS;C:\WINDOWS\System32\Wbem;C:\WINDOWS\System32\WindowsPowerShell\v1.0\;D:\Program Files\Git\cmd;D:\Program Files\MATLAB\R2016b\bin;D:\Program Files\Geth;D:\Program Files\Ruby23\bin;D:\Program Files\Go\bin;C:\Users\Surya\AppData\Roaming\npm;D:\Program Files\Microsoft VS Code\bin;C:\Users\Surya\AppData\Local\Microsoft\WindowsApps;D:\Programs\Python\Python36;D:\Programs\Python\Python36\Scripts;;D:\Program Files\Docker Toolbox
10 verbose lifecycle node-examples@1.0.0~start: CWD: D:\Projects\Coursera\NodeJS\node-examples
11 silly lifecycle node-examples@1.0.0~start: Args: [ '/d /s /c', 'node index' ]
12 silly lifecycle node-examples@1.0.0~start: Returned: code: 1  signal: null
13 info lifecycle node-examples@1.0.0~start: Failed to exec start script
14 verbose stack Error: node-examples@1.0.0 start: `node index`
14 verbose stack Exit status 1
14 verbose stack     at EventEmitter.<anonymous> (C:\Users\Surya\AppData\Roaming\npm\node_modules\npm\lib\utils\lifecycle.js:279:16)
14 verbose stack     at emitTwo (events.js:106:13)
14 verbose stack     at EventEmitter.emit (events.js:191:7)
14 verbose stack     at ChildProcess.<anonymous> (C:\Users\Surya\AppData\Roaming\npm\node_modules\npm\lib\utils\spawn.js:40:14)
14 verbose stack     at emitTwo (events.js:106:13)
14 verbose stack     at ChildProcess.emit (events.js:191:7)
14 verbose stack     at maybeClose (internal/child_process.js:877:16)
14 verbose stack     at Process.ChildProcess._handle.onexit (internal/child_process.js:226:5)
15 verbose pkgid node-examples@1.0.0
16 verbose cwd D:\Projects\Coursera\NodeJS\node-examples
17 error Windows_NT 10.0.15063
18 error argv "D:\\Program Files\\nodejs\\node.exe" "C:\\Users\\Surya\\AppData\\Roaming\\npm\\node_modules\\npm\\bin\\npm-cli.js" "start"
19 error node v6.9.1
20 error npm  v4.0.5
21 error code ELIFECYCLE
22 error node-examples@1.0.0 start: `node index`
22 error Exit status 1
23 error Failed at the node-examples@1.0.0 start script 'node index'.
23 error Make sure you have the latest version of node.js and npm installed.
23 error If you do, this is most likely a problem with the node-examples package,
23 error not with npm itself.
23 error Tell the author that this fails on your system:
23 error     node index
23 error You can get information on how to open an issue for this project with:
23 error     npm bugs node-examples
23 error Or if that isn't available, you can get their info via:
23 error     npm owner ls node-examples
23 error There is likely additional logging output above.
24 verbose exit [ 1, true ]
